#
# There is insufficient memory for the Java Runtime Environment to continue.
# Native memory allocation (malloc) failed to allocate 1048576 bytes. Error detail: AllocateHeap
# Possible reasons:
#   The system is out of physical RAM or swap space
#   This process is running with CompressedOops enabled, and the Java Heap may be blocking the growth of the native heap
# Possible solutions:
#   Reduce memory load on the system
#   Increase physical memory or swap space
#   Check if swap backing store is full
#   Decrease Java heap size (-Xmx/-Xms)
#   Decrease number of Java threads
#   Decrease Java thread stack sizes (-Xss)
#   Set larger code cache with -XX:ReservedCodeCacheSize=
#   JVM is running with Unscaled Compressed Oops mode in which the Java heap is
#     placed in the first 4GB address space. The Java Heap base address is the
#     maximum limit for the native heap growth. Please use -XX:HeapBaseMinAddress
#     to set the Java Heap base and to place the Java Heap above 4GB virtual address.
# This output file may be truncated or incomplete.
#
#  Out of Memory Error (allocation.cpp:44), pid=14720, tid=12220
#
# JRE version:  (21.0.6+7) (build )
# Java VM: OpenJDK 64-Bit Server VM (21.0.6+7-LTS, mixed mode, sharing, tiered, compressed oops, compressed class ptrs, parallel gc, windows-amd64)
# No core dump will be written. Minidumps are not enabled by default on client versions of Windows
#

---------------  S U M M A R Y ------------

Command Line: --add-modules=ALL-SYSTEM --add-opens=java.base/java.util=ALL-UNNAMED --add-opens=java.base/java.lang=ALL-UNNAMED --add-opens=java.base/sun.nio.fs=ALL-UNNAMED -Declipse.application=org.eclipse.jdt.ls.core.id1 -Dosgi.bundles.defaultStartLevel=4 -Declipse.product=org.eclipse.jdt.ls.core.product -Djava.import.generatesMetadataFilesAtProjectRoot=false -DDetectVMInstallationsJob.disabled=true -Dfile.encoding=utf8 -XX:+UseParallelGC -XX:GCTimeRatio=4 -XX:AdaptiveSizePolicyWeight=90 -Dsun.zip.disableMemoryMapping=true -Xmx1G -Xms100m -Xlog:disable -javaagent:c:\Users\djste\.vscode-insiders\extensions\redhat.java-1.42.2025041008-win32-x64\lombok\lombok-1.18.36.jar c:\Users\djste\.vscode-insiders\extensions\redhat.java-1.42.2025041008-win32-x64\server\plugins\org.eclipse.equinox.launcher_1.7.0.v20250404-1055.jar -configuration c:\Users\djste\AppData\Roaming\Code - Insiders\User\globalStorage\redhat.java\1.42.2025041008\config_ss_win -data c:\Users\djste\AppData\Roaming\Code - Insiders\User\workspaceStorage\6bf49acde85d9513522afe18a8cf7fb9\redhat.java\ss_ws --pipe=\\.\pipe\lsp-48cc99bb2a7c704a62e47c53eca27b7c-sock

Host: Intel(R) Core(TM) i7-6700 CPU @ 3.40GHz, 8 cores, 15G,  Windows 10 , 64 bit Build 19041 (10.0.19041.5678)
Time: Mon Apr 14 08:51:32 2025 Pacific Daylight Time elapsed time: 0.029755 seconds (0d 0h 0m 0s)

---------------  T H R E A D  ---------------

Current thread (0x00000243a4d590e0):  JavaThread "Unknown thread" [_thread_in_vm, id=12220, stack(0x000000770a000000,0x000000770a100000) (1024K)]

Stack: [0x000000770a000000,0x000000770a100000]
Native frames: (J=compiled Java code, j=interpreted, Vv=VM code, C=native code)
V  [jvm.dll+0x6cdee9]
V  [jvm.dll+0x8a83d1]
V  [jvm.dll+0x8aa8fe]
V  [jvm.dll+0x8aafe3]
V  [jvm.dll+0x27f706]
V  [jvm.dll+0xbfb37]
V  [jvm.dll+0x7022d0]
V  [jvm.dll+0x702e3c]
V  [jvm.dll+0x6dcc13]
V  [jvm.dll+0x871cdc]
V  [jvm.dll+0x3bc2dc]
V  [jvm.dll+0x85a868]
V  [jvm.dll+0x45066e]
V  [jvm.dll+0x4522b1]
C  [jli.dll+0x5278]
C  [ucrtbase.dll+0x21bb2]
C  [KERNEL32.DLL+0x17374]
C  [ntdll.dll+0x4cc91]


---------------  P R O C E S S  ---------------

Threads class SMR info:
_java_thread_list=0x00000243bb40ac40, length=1, elements={
0x00000243a4d590e0
}

Java Threads: ( => current thread )
=>0x00000243a4d590e0 JavaThread "Unknown thread"             [_thread_in_vm, id=12220, stack(0x000000770a000000,0x000000770a100000) (1024K)]
Total: 1

Other Threads:
  0x00000243bb40bc60 WatcherThread "VM Periodic Task Thread"        [id=1332, stack(0x000000770a300000,0x000000770a400000) (1024K)]
  0x00000243a714ffb0 WorkerThread "GC Thread#0"                     [id=12732, stack(0x000000770a200000,0x000000770a300000) (1024K)]
Total: 2

Threads with active compile tasks:
Total: 0

VM state: not at safepoint (normal execution)

VM Mutex/Monitor currently owned by a thread: None

Heap address: 0x00000000c0000000, size: 1024 MB, Compressed Oops mode: 32-bit

CDS archive(s) mapped at: [0x00000243bc000000-0x00000243bcba0000-0x00000243bcba0000), size 12189696, SharedBaseAddress: 0x00000243bc000000, ArchiveRelocationMode: 1.
Compressed class space mapped at: 0x00000243bd000000-0x00000243fd000000, reserved size: 1073741824
Narrow klass base: 0x00000243bc000000, Narrow klass shift: 0, Narrow klass range: 0x100000000

GC Precious Log:
 CardTable entry size: 512
 CPUs: 8 total, 8 available
 Memory: 16273M
 Large Page Support: Disabled
 NUMA Support: Disabled
 Compressed Oops: Enabled (32-bit)
 Alignments: Space 512K, Generation 512K, Heap 2M
 Heap Min Capacity: 100M
 Heap Initial Capacity: 100M
 Heap Max Capacity: 1G
 Pre-touch: Disabled
 Parallel Workers: 8

Heap:
 PSYoungGen      total 29696K, used 512K [0x00000000eab00000, 0x00000000ecc00000, 0x0000000100000000)
  eden space 25600K, 2% used [0x00000000eab00000,0x00000000eab80020,0x00000000ec400000)
  from space 4096K, 0% used [0x00000000ec800000,0x00000000ec800000,0x00000000ecc00000)
  to   space 4096K, 0% used [0x00000000ec400000,0x00000000ec400000,0x00000000ec800000)
 ParOldGen       total 68608K, used 0K [0x00000000c0000000, 0x00000000c4300000, 0x00000000eab00000)
  object space 68608K, 0% used [0x00000000c0000000,0x00000000c0000000,0x00000000c4300000)
 Metaspace       used 0K, committed 0K, reserved 1048576K
  class space    used 0K, committed 0K, reserved 1048576K

Card table byte_map: [0x00000243a6ae0000,0x00000243a6cf0000] _byte_map_base: 0x00000243a64e0000

Marking Bits: (ParMarkBitMap*) 0x00007ffcc28b3260
 Begin Bits: [0x00000243b9330000, 0x00000243ba330000)
 End Bits:   [0x00000243ba330000, 0x00000243bb330000)

Polling page: 0x00000243a4f90000

Metaspace:

Usage:
  Non-class:      0 bytes used.
      Class:      0 bytes used.
       Both:      0 bytes used.

Virtual space:
  Non-class space:        0 bytes reserved,       0 bytes (  ?%) committed,  0 nodes.
      Class space:        1.00 GB reserved,       0 bytes (  0%) committed,  1 nodes.
             Both:        1.00 GB reserved,       0 bytes (  0%) committed. 

Chunk freelists:
   Non-Class:  0 bytes
       Class:  16.00 MB
        Both:  16.00 MB

MaxMetaspaceSize: unlimited
CompressedClassSpaceSize: 1.00 GB
Initial GC threshold: 21.00 MB
Current GC threshold: 17179869184.00 GB
CDS: on
 - commit_granule_bytes: 65536.
 - commit_granule_words: 8192.
 - virtual_space_node_default_size: 8388608.
 - enlarge_chunks_in_place: 1.
 - use_allocation_guard: 0.


Internal statistics:

num_allocs_failed_limit: 0.
num_arena_births: 0.
num_arena_deaths: 0.
num_vsnodes_births: 1.
num_vsnodes_deaths: 0.
num_space_committed: 0.
num_space_uncommitted: 0.
num_chunks_returned_to_freelist: 0.
num_chunks_taken_from_freelist: 1.
num_chunk_merges: 0.
num_chunk_splits: 1.
num_chunks_enlarged: 0.
num_inconsistent_stats: 0.

CodeHeap 'non-profiled nmethods': size=120000Kb used=0Kb max_used=0Kb free=120000Kb
 bounds [0x00000243b1e00000, 0x00000243b2070000, 0x00000243b9330000]
CodeHeap 'profiled nmethods': size=120000Kb used=0Kb max_used=0Kb free=120000Kb
 bounds [0x00000243aa330000, 0x00000243aa5a0000, 0x00000243b1860000]
CodeHeap 'non-nmethods': size=5760Kb used=194Kb max_used=342Kb free=5565Kb
 bounds [0x00000243b1860000, 0x00000243b1ad0000, 0x00000243b1e00000]
 total_blobs=70 nmethods=0 adapters=48
 compilation: enabled
              stopped_count=0, restarted_count=0
 full_count=0

Compilation events (0 events):
No events

GC Heap History (0 events):
No events

Dll operation events (1 events):
Event: 0.013 Loaded shared library c:\Users\djste\.vscode-insiders\extensions\redhat.java-1.42.2025041008-win32-x64\jre\21.0.6-win32-x86_64\bin\java.dll

Deoptimization events (0 events):
No events

Classes loaded (0 events):
No events

Classes unloaded (0 events):
No events

Classes redefined (0 events):
No events

Internal exceptions (0 events):
No events

ZGC Phase Switch (0 events):
No events

VM Operations (0 events):
No events

Memory protections (0 events):
No events

Nmethod flushes (0 events):
No events

Events (1 events):
Event: 0.026 Thread 0x00000243a4d590e0 Thread added: 0x00000243a4d590e0


Dynamic libraries:
0x00007ff634b70000 - 0x00007ff634b7e000 	c:\Users\djste\.vscode-insiders\extensions\redhat.java-1.42.2025041008-win32-x64\jre\21.0.6-win32-x86_64\bin\java.exe
0x00007ffd89f50000 - 0x00007ffd8a148000 	C:\windows\SYSTEM32\ntdll.dll
0x00007ffd885e0000 - 0x00007ffd886a2000 	C:\windows\System32\KERNEL32.DLL
0x00007ffd878a0000 - 0x00007ffd87b96000 	C:\windows\System32\KERNELBASE.dll
0x00007ffd87d00000 - 0x00007ffd87e00000 	C:\windows\System32\ucrtbase.dll
0x00007ffd54040000 - 0x00007ffd54058000 	c:\Users\djste\.vscode-insiders\extensions\redhat.java-1.42.2025041008-win32-x64\jre\21.0.6-win32-x86_64\bin\jli.dll
0x00007ffd89530000 - 0x00007ffd896cd000 	C:\windows\System32\USER32.dll
0x00007ffd876b0000 - 0x00007ffd876d2000 	C:\windows\System32\win32u.dll
0x00007ffd87f70000 - 0x00007ffd87f9b000 	C:\windows\System32\GDI32.dll
0x00007ffd87e00000 - 0x00007ffd87f1a000 	C:\windows\System32\gdi32full.dll
0x00007ffd875e0000 - 0x00007ffd8767d000 	C:\windows\System32\msvcp_win.dll
0x00007ffd53c60000 - 0x00007ffd53c7e000 	c:\Users\djste\.vscode-insiders\extensions\redhat.java-1.42.2025041008-win32-x64\jre\21.0.6-win32-x86_64\bin\VCRUNTIME140.dll
0x00007ffd79e80000 - 0x00007ffd7a11a000 	C:\windows\WinSxS\amd64_microsoft.windows.common-controls_6595b64144ccf1df_6.0.19041.4355_none_60b8b9eb71f62e16\COMCTL32.dll
0x00007ffd893f0000 - 0x00007ffd8948e000 	C:\windows\System32\msvcrt.dll
0x00007ffd890a0000 - 0x00007ffd890cf000 	C:\windows\System32\IMM32.DLL
0x00007ffd61cc0000 - 0x00007ffd61ccc000 	c:\Users\djste\.vscode-insiders\extensions\redhat.java-1.42.2025041008-win32-x64\jre\21.0.6-win32-x86_64\bin\vcruntime140_1.dll
0x00007ffd1b710000 - 0x00007ffd1b79d000 	c:\Users\djste\.vscode-insiders\extensions\redhat.java-1.42.2025041008-win32-x64\jre\21.0.6-win32-x86_64\bin\msvcp140.dll
0x00007ffcc1c00000 - 0x00007ffcc2990000 	c:\Users\djste\.vscode-insiders\extensions\redhat.java-1.42.2025041008-win32-x64\jre\21.0.6-win32-x86_64\bin\server\jvm.dll
0x00007ffd89820000 - 0x00007ffd898cf000 	C:\windows\System32\ADVAPI32.dll
0x00007ffd89490000 - 0x00007ffd8952f000 	C:\windows\System32\sechost.dll
0x00007ffd88020000 - 0x00007ffd88143000 	C:\windows\System32\RPCRT4.dll
0x00007ffd87680000 - 0x00007ffd876a7000 	C:\windows\System32\bcrypt.dll
0x00007ffd89d80000 - 0x00007ffd89deb000 	C:\windows\System32\WS2_32.dll
0x00007ffd87440000 - 0x00007ffd8748b000 	C:\windows\SYSTEM32\POWRPROF.dll
0x00007ffd7b570000 - 0x00007ffd7b597000 	C:\windows\SYSTEM32\WINMM.dll
0x00007ffd7e710000 - 0x00007ffd7e71a000 	C:\windows\SYSTEM32\VERSION.dll
0x00007ffd87420000 - 0x00007ffd87432000 	C:\windows\SYSTEM32\UMPDC.dll
0x00007ffd85480000 - 0x00007ffd85492000 	C:\windows\SYSTEM32\kernel.appcore.dll
0x00007ffd54440000 - 0x00007ffd5444a000 	c:\Users\djste\.vscode-insiders\extensions\redhat.java-1.42.2025041008-win32-x64\jre\21.0.6-win32-x86_64\bin\jimage.dll
0x00007ffd7aac0000 - 0x00007ffd7aca4000 	C:\windows\SYSTEM32\DBGHELP.DLL
0x00007ffd6a1d0000 - 0x00007ffd6a204000 	C:\windows\SYSTEM32\dbgcore.DLL
0x00007ffd87810000 - 0x00007ffd87892000 	C:\windows\System32\bcryptPrimitives.dll
0x00007ffd63670000 - 0x00007ffd6367f000 	c:\Users\djste\.vscode-insiders\extensions\redhat.java-1.42.2025041008-win32-x64\jre\21.0.6-win32-x86_64\bin\instrument.dll
0x00007ffd53b10000 - 0x00007ffd53b2f000 	c:\Users\djste\.vscode-insiders\extensions\redhat.java-1.42.2025041008-win32-x64\jre\21.0.6-win32-x86_64\bin\java.dll

dbghelp: loaded successfully - version: 4.0.5 - missing functions: none
symbol engine: initialized successfully - sym options: 0x614 - pdb path: .;c:\Users\djste\.vscode-insiders\extensions\redhat.java-1.42.2025041008-win32-x64\jre\21.0.6-win32-x86_64\bin;C:\windows\SYSTEM32;C:\windows\WinSxS\amd64_microsoft.windows.common-controls_6595b64144ccf1df_6.0.19041.4355_none_60b8b9eb71f62e16;c:\Users\djste\.vscode-insiders\extensions\redhat.java-1.42.2025041008-win32-x64\jre\21.0.6-win32-x86_64\bin\server

VM Arguments:
jvm_args: --add-modules=ALL-SYSTEM --add-opens=java.base/java.util=ALL-UNNAMED --add-opens=java.base/java.lang=ALL-UNNAMED --add-opens=java.base/sun.nio.fs=ALL-UNNAMED -Declipse.application=org.eclipse.jdt.ls.core.id1 -Dosgi.bundles.defaultStartLevel=4 -Declipse.product=org.eclipse.jdt.ls.core.product -Djava.import.generatesMetadataFilesAtProjectRoot=false -DDetectVMInstallationsJob.disabled=true -Dfile.encoding=utf8 -XX:+UseParallelGC -XX:GCTimeRatio=4 -XX:AdaptiveSizePolicyWeight=90 -Dsun.zip.disableMemoryMapping=true -Xmx1G -Xms100m -Xlog:disable -javaagent:c:\Users\djste\.vscode-insiders\extensions\redhat.java-1.42.2025041008-win32-x64\lombok\lombok-1.18.36.jar 
java_command: c:\Users\djste\.vscode-insiders\extensions\redhat.java-1.42.2025041008-win32-x64\server\plugins\org.eclipse.equinox.launcher_1.7.0.v20250404-1055.jar -configuration c:\Users\djste\AppData\Roaming\Code - Insiders\User\globalStorage\redhat.java\1.42.2025041008\config_ss_win -data c:\Users\djste\AppData\Roaming\Code - Insiders\User\workspaceStorage\6bf49acde85d9513522afe18a8cf7fb9\redhat.java\ss_ws --pipe=\\.\pipe\lsp-48cc99bb2a7c704a62e47c53eca27b7c-sock
java_class_path (initial): c:\Users\djste\.vscode-insiders\extensions\redhat.java-1.42.2025041008-win32-x64\server\plugins\org.eclipse.equinox.launcher_1.7.0.v20250404-1055.jar
Launcher Type: SUN_STANDARD

[Global flags]
    uintx AdaptiveSizePolicyWeight                 = 90                                        {product} {command line}
     intx CICompilerCount                          = 4                                         {product} {ergonomic}
    uintx GCTimeRatio                              = 4                                         {product} {command line}
   size_t InitialHeapSize                          = 104857600                                 {product} {command line}
   size_t MaxHeapSize                              = 1073741824                                {product} {command line}
   size_t MaxNewSize                               = 357564416                                 {product} {ergonomic}
   size_t MinHeapDeltaBytes                        = 524288                                    {product} {ergonomic}
   size_t MinHeapSize                              = 104857600                                 {product} {command line}
   size_t NewSize                                  = 34603008                                  {product} {ergonomic}
    uintx NonNMethodCodeHeapSize                   = 5839372                                {pd product} {ergonomic}
    uintx NonProfiledCodeHeapSize                  = 122909434                              {pd product} {ergonomic}
   size_t OldSize                                  = 70254592                                  {product} {ergonomic}
    uintx ProfiledCodeHeapSize                     = 122909434                              {pd product} {ergonomic}
    uintx ReservedCodeCacheSize                    = 251658240                              {pd product} {ergonomic}
     bool SegmentedCodeCache                       = true                                      {product} {ergonomic}
   size_t SoftMaxHeapSize                          = 1073741824                             {manageable} {ergonomic}
     bool UseCompressedOops                        = true                           {product lp64_product} {ergonomic}
     bool UseLargePagesIndividualAllocation        = false                                  {pd product} {ergonomic}
     bool UseParallelGC                            = true                                      {product} {command line}

Logging:
Log output configuration:
 #0: stdout all=off uptime,level,tags foldmultilines=false
 #1: stderr all=off uptime,level,tags foldmultilines=false

Environment Variables:
JAVA_HOME=C:\Program Files\Microsoft\jdk-17.0.14.7-hotspot\
PATH=C:\Program Files\Microsoft\jdk-17.0.14.7-hotspot\bin;C:\Program Files\Eclipse Adoptium\jdk-21.0.6.7-hotspot\bin;C:\Python313\Scripts\;C:\Python313\;C:\Python311\Scripts\;C:\Python311\;C:\windows\system32;C:\windows;C:\windows\System32\Wbem;C:\windows\System32\WindowsPowerShell\v1.0\;C:\windows\System32\OpenSSH\;C:\ProgramData\chocolatey\bin;C:\Program Files\Microsoft VS Code\bin;C:\Program Files\dotnet\;D:\GVM;C:\Program Files\nodejs\;C:\Program Files\Go\bin;C:\Program Files\Geth;C:\Program Files\Zero Install;C:\Program Files\Git\cmd;C:\Users\djste\.console-ninja\.bin;C:\Users\djste\AppData\Local\Microsoft\WindowsApps;C:\Users\djste\.dotnet\tools;C:\Users\djste\AppData\Local\GitHubDesktop\bin;C:\Users\djste\AppData\Roaming\npm;C:\Users\djste\go\bin;C:\Users\djste\AppData\Local\gitkraken\bin;C:\Users\djste\go\bin;C:\Users\djste\.dotnet\tools;C:\Users\djste\AppData\Local\Programs\Windsurf\bin;C:\Users\djste\AppData\Local\Programs\Microsoft VS Code Insiders\bin
USERNAME=djste
OS=Windows_NT
PROCESSOR_IDENTIFIER=Intel64 Family 6 Model 94 Stepping 3, GenuineIntel
TMP=C:\Users\djste\AppData\Local\Temp
TEMP=C:\Users\djste\AppData\Local\Temp




Periodic native trim disabled

---------------  S Y S T E M  ---------------

OS:
 Windows 10 , 64 bit Build 19041 (10.0.19041.5678)
OS uptime: 2 days 18:43 hours

CPU: total 8 (initial active 8) (4 cores per cpu, 2 threads per core) family 6 model 94 stepping 3 microcode 0xd4, cx8, cmov, fxsr, ht, mmx, 3dnowpref, sse, sse2, sse3, ssse3, sse4.1, sse4.2, popcnt, lzcnt, tsc, tscinvbit, avx, avx2, aes, erms, clmul, bmi1, bmi2, rtm, adx, fma, vzeroupper, clflush, clflushopt, rdtscp, f16c
Processor Information for the first 8 processors :
  Max Mhz: 3408, Current Mhz: 3408, Mhz Limit: 3408

Memory: 4k page, system-wide physical 16273M (1023M free)
TotalPageFile size 32273M (AvailPageFile size 8M)
current process WorkingSet (physical memory assigned to process): 24M, peak: 24M
current process commit charge ("private bytes"): 168M, peak: 169M

vm_info: OpenJDK 64-Bit Server VM (21.0.6+7-LTS) for windows-amd64 JRE (21.0.6+7-LTS), built on 2025-01-21T00:00:00Z by "admin" with MS VC++ 17.7 (VS2022)

END.
